Group 0 - White
Group 1 - Black
Board:
     1     2     3     4     5     6     7     8  
   ───── ───── ───── ───── ───── ───── ───── ─────
A|  ---   ---   ---   12B   ---   ---   ---   ---  |A
B|  ---   ---   ---   ---   ---   ---   ---   ---  |B
C|  ---   ---   ---   ---   ---   ---   ---   ---  |C
D|  ---   ---   ---   ---   ---   ---   ---   ---  |D
E|  ---   ---   ---   ---   ---   ---   ---   ---  |E
F|  ---   ---   ---   ---   ---   ---   ---   ---  |F
G|  ---   ---   ---   ---   ---   ---   ---   ---  |G
H|  ---   ---   ---   ---   12W   ---   ---   ---  |H
   ───── ───── ───── ───── ───── ───── ───── ─────
     1     2     3     4     5     6     7     8  

Elapsed time: 103
MOVE H5,NW,2
Moves: 1 | White pawns: 12 | Black pawns: 12
Board:
     1     2     3     4     5     6     7     8  
   ───── ───── ───── ───── ───── ───── ───── ─────
A|  ---   ---   ---   12B   ---   ---   ---   ---  |A
B|  ---   ---   ---   ---   ---   ---   ---   ---  |B
C|  ---   ---   ---   ---   ---   ---   ---   ---  |C
D|  ---   ---   ---   ---   ---   ---   ---   ---  |D
E|  ---   ---   ---   ---   ---   ---   ---   ---  |E
F|  ---   ---   02W   ---   ---   ---   ---   ---  |F
G|  ---   ---   ---   ---   ---   ---   ---   ---  |G
H|  ---   ---   ---   ---   10W   ---   ---   ---  |H
   ───── ───── ───── ───── ───── ───── ───── ─────
     1     2     3     4     5     6     7     8  

Elapsed time: 103
MOVE A4,SW,2
Moves: 2 | White pawns: 12 | Black pawns: 12
Board:
     1     2     3     4     5     6     7     8  
   ───── ───── ───── ───── ───── ───── ───── ─────
A|  ---   ---   ---   10B   ---   ---   ---   ---  |A
B|  ---   ---   ---   ---   ---   ---   ---   ---  |B
C|  ---   02B   ---   ---   ---   ---   ---   ---  |C
D|  ---   ---   ---   ---   ---   ---   ---   ---  |D
E|  ---   ---   ---   ---   ---   ---   ---   ---  |E
F|  ---   ---   02W   ---   ---   ---   ---   ---  |F
G|  ---   ---   ---   ---   ---   ---   ---   ---  |G
H|  ---   ---   ---   ---   10W   ---   ---   ---  |H
   ───── ───── ───── ───── ───── ───── ───── ─────
     1     2     3     4     5     6     7     8  

Elapsed time: 201
MOVE F3,NW,2
Moves: 3 | White pawns: 12 | Black pawns: 12
Board:
     1     2     3     4     5     6     7     8  
   ───── ───── ───── ───── ───── ───── ───── ─────
A|  ---   ---   ---   10B   ---   ---   ---   ---  |A
B|  ---   ---   ---   ---   ---   ---   ---   ---  |B
C|  ---   02B   ---   ---   ---   ---   ---   ---  |C
D|  02W   ---   ---   ---   ---   ---   ---   ---  |D
E|  ---   ---   ---   ---   ---   ---   ---   ---  |E
F|  ---   ---   ---   ---   ---   ---   ---   ---  |F
G|  ---   ---   ---   ---   ---   ---   ---   ---  |G
H|  ---   ---   ---   ---   10W   ---   ---   ---  |H
   ───── ───── ───── ───── ───── ───── ───── ─────
     1     2     3     4     5     6     7     8  

Elapsed time: 407
MOVE A4,S,2
Moves: 4 | White pawns: 12 | Black pawns: 12
Board:
     1     2     3     4     5     6     7     8  
   ───── ───── ───── ───── ───── ───── ───── ─────
A|  ---   ---   ---   08B   ---   ---   ---   ---  |A
B|  ---   ---   ---   ---   ---   ---   ---   ---  |B
C|  ---   02B   ---   02B   ---   ---   ---   ---  |C
D|  02W   ---   ---   ---   ---   ---   ---   ---  |D
E|  ---   ---   ---   ---   ---   ---   ---   ---  |E
F|  ---   ---   ---   ---   ---   ---   ---   ---  |F
G|  ---   ---   ---   ---   ---   ---   ---   ---  |G
H|  ---   ---   ---   ---   10W   ---   ---   ---  |H
   ───── ───── ───── ───── ───── ───── ───── ─────
     1     2     3     4     5     6     7     8  

Elapsed time: 107
MOVE H5,NW,4
Moves: 5 | White pawns: 12 | Black pawns: 12
Board:
     1     2     3     4     5     6     7     8  
   ───── ───── ───── ───── ───── ───── ───── ─────
A|  ---   ---   ---   08B   ---   ---   ---   ---  |A
B|  ---   ---   ---   ---   ---   ---   ---   ---  |B
C|  ---   02B   ---   02B   ---   ---   ---   ---  |C
D|  06W   ---   ---   ---   ---   ---   ---   ---  |D
E|  ---   ---   ---   ---   ---   ---   ---   ---  |E
F|  ---   ---   ---   ---   ---   ---   ---   ---  |F
G|  ---   ---   ---   ---   ---   ---   ---   ---  |G
H|  ---   ---   ---   ---   06W   ---   ---   ---  |H
   ───── ───── ───── ───── ───── ───── ───── ─────
     1     2     3     4     5     6     7     8  

Elapsed time: 101
MOVE A4,S,2
Moves: 6 | White pawns: 12 | Black pawns: 12
Board:
     1     2     3     4     5     6     7     8  
   ───── ───── ───── ───── ───── ───── ───── ─────
A|  ---   ---   ---   06B   ---   ---   ---   ---  |A
B|  ---   ---   ---   ---   ---   ---   ---   ---  |B
C|  ---   02B   ---   04B   ---   ---   ---   ---  |C
D|  06W   ---   ---   ---   ---   ---   ---   ---  |D
E|  ---   ---   ---   ---   ---   ---   ---   ---  |E
F|  ---   ---   ---   ---   ---   ---   ---   ---  |F
G|  ---   ---   ---   ---   ---   ---   ---   ---  |G
H|  ---   ---   ---   ---   06W   ---   ---   ---  |H
   ───── ───── ───── ───── ───── ───── ───── ─────
     1     2     3     4     5     6     7     8  

Elapsed time: 103
MOVE H5,NW,3
Moves: 7 | White pawns: 12 | Black pawns: 12
Board:
     1     2     3     4     5     6     7     8  
   ───── ───── ───── ───── ───── ───── ───── ─────
A|  ---   ---   ---   06B   ---   ---   ---   ---  |A
B|  ---   ---   ---   ---   ---   ---   ---   ---  |B
C|  ---   02B   ---   04B   ---   ---   ---   ---  |C
D|  06W   ---   ---   ---   ---   ---   ---   ---  |D
E|  ---   03W   ---   ---   ---   ---   ---   ---  |E
F|  ---   ---   ---   ---   ---   ---   ---   ---  |F
G|  ---   ---   ---   ---   ---   ---   ---   ---  |G
H|  ---   ---   ---   ---   03W   ---   ---   ---  |H
   ───── ───── ───── ───── ───── ───── ───── ─────
     1     2     3     4     5     6     7     8  

Elapsed time: 102
MOVE A4,SE,1
Moves: 8 | White pawns: 12 | Black pawns: 12
Board:
     1     2     3     4     5     6     7     8  
   ───── ───── ───── ───── ───── ───── ───── ─────
A|  ---   ---   ---   05B   ---   ---   ---   ---  |A
B|  ---   ---   ---   ---   01B   ---   ---   ---  |B
C|  ---   02B   ---   04B   ---   ---   ---   ---  |C
D|  06W   ---   ---   ---   ---   ---   ---   ---  |D
E|  ---   03W   ---   ---   ---   ---   ---   ---  |E
F|  ---   ---   ---   ---   ---   ---   ---   ---  |F
G|  ---   ---   ---   ---   ---   ---   ---   ---  |G
H|  ---   ---   ---   ---   03W   ---   ---   ---  |H
   ───── ───── ───── ───── ───── ───── ───── ─────
     1     2     3     4     5     6     7     8  

Elapsed time: 102
MOVE E2,NE,3
Moves: 9 | White pawns: 12 | Black pawns: 11
Board:
     1     2     3     4     5     6     7     8  
   ───── ───── ───── ───── ───── ───── ───── ─────
A|  ---   ---   ---   05B   ---   ---   ---   ---  |A
B|  ---   ---   ---   ---   03W   ---   ---   ---  |B
C|  ---   02B   ---   04B   ---   ---   ---   ---  |C
D|  06W   ---   ---   ---   ---   ---   ---   ---  |D
E|  ---   ---   ---   ---   ---   ---   ---   ---  |E
F|  ---   ---   ---   ---   ---   ---   ---   ---  |F
G|  ---   ---   ---   ---   ---   ---   ---   ---  |G
H|  ---   ---   ---   ---   03W   ---   ---   ---  |H
   ───── ───── ───── ───── ───── ───── ───── ─────
     1     2     3     4     5     6     7     8  

Elapsed time: 663
MOVE C2,SE,2
Moves: 10 | White pawns: 12 | Black pawns: 11
Board:
     1     2     3     4     5     6     7     8  
   ───── ───── ───── ───── ───── ───── ───── ─────
A|  ---   ---   ---   05B   ---   ---   ---   ---  |A
B|  ---   ---   ---   ---   03W   ---   ---   ---  |B
C|  ---   ---   ---   04B   ---   ---   ---   ---  |C
D|  06W   ---   ---   ---   ---   ---   ---   ---  |D
E|  ---   ---   ---   02B   ---   ---   ---   ---  |E
F|  ---   ---   ---   ---   ---   ---   ---   ---  |F
G|  ---   ---   ---   ---   ---   ---   ---   ---  |G
H|  ---   ---   ---   ---   03W   ---   ---   ---  |H
   ───── ───── ───── ───── ───── ───── ───── ─────
     1     2     3     4     5     6     7     8  

Elapsed time: 101
MOVE D1,N,2
Moves: 11 | White pawns: 12 | Black pawns: 11
Board:
     1     2     3     4     5     6     7     8  
   ───── ───── ───── ───── ───── ───── ───── ─────
A|  ---   ---   ---   05B   ---   ---   ---   ---  |A
B|  02W   ---   ---   ---   03W   ---   ---   ---  |B
C|  ---   ---   ---   04B   ---   ---   ---   ---  |C
D|  04W   ---   ---   ---   ---   ---   ---   ---  |D
E|  ---   ---   ---   02B   ---   ---   ---   ---  |E
F|  ---   ---   ---   ---   ---   ---   ---   ---  |F
G|  ---   ---   ---   ---   ---   ---   ---   ---  |G
H|  ---   ---   ---   ---   03W   ---   ---   ---  |H
   ───── ───── ───── ───── ───── ───── ───── ─────
     1     2     3     4     5     6     7     8  

Elapsed time: 101
MOVE C4,S,2
Moves: 12 | White pawns: 12 | Black pawns: 11
Board:
     1     2     3     4     5     6     7     8  
   ───── ───── ───── ───── ───── ───── ───── ─────
A|  ---   ---   ---   05B   ---   ---   ---   ---  |A
B|  02W   ---   ---   ---   03W   ---   ---   ---  |B
C|  ---   ---   ---   02B   ---   ---   ---   ---  |C
D|  04W   ---   ---   ---   ---   ---   ---   ---  |D
E|  ---   ---   ---   04B   ---   ---   ---   ---  |E
F|  ---   ---   ---   ---   ---   ---   ---   ---  |F
G|  ---   ---   ---   ---   ---   ---   ---   ---  |G
H|  ---   ---   ---   ---   03W   ---   ---   ---  |H
   ───── ───── ───── ───── ───── ───── ───── ─────
     1     2     3     4     5     6     7     8  

Elapsed time: 101
MOVE B1,NE,1
Moves: 13 | White pawns: 12 | Black pawns: 11
Board:
     1     2     3     4     5     6     7     8  
   ───── ───── ───── ───── ───── ───── ───── ─────
A|  ---   01W   ---   05B   ---   ---   ---   ---  |A
B|  01W   ---   ---   ---   03W   ---   ---   ---  |B
C|  ---   ---   ---   02B   ---   ---   ---   ---  |C
D|  04W   ---   ---   ---   ---   ---   ---   ---  |D
E|  ---   ---   ---   04B   ---   ---   ---   ---  |E
F|  ---   ---   ---   ---   ---   ---   ---   ---  |F
G|  ---   ---   ---   ---   ---   ---   ---   ---  |G
H|  ---   ---   ---   ---   03W   ---   ---   ---  |H
   ───── ───── ───── ───── ───── ───── ───── ─────
     1     2     3     4     5     6     7     8  

Elapsed time: 239
MOVE A4,W,2
Moves: 14 | White pawns: 11 | Black pawns: 11
Board:
     1     2     3     4     5     6     7     8  
   ───── ───── ───── ───── ───── ───── ───── ─────
A|  ---   02B   ---   03B   ---   ---   ---   ---  |A
B|  01W   ---   ---   ---   03W   ---   ---   ---  |B
C|  ---   ---   ---   02B   ---   ---   ---   ---  |C
D|  04W   ---   ---   ---   ---   ---   ---   ---  |D
E|  ---   ---   ---   04B   ---   ---   ---   ---  |E
F|  ---   ---   ---   ---   ---   ---   ---   ---  |F
G|  ---   ---   ---   ---   ---   ---   ---   ---  |G
H|  ---   ---   ---   ---   03W   ---   ---   ---  |H
   ───── ───── ───── ───── ───── ───── ───── ─────
     1     2     3     4     5     6     7     8  

Elapsed time: 101
MOVE B1,NW,1
Moves: 15 | White pawns: 10 | Black pawns: 11
Board:
     1     2     3     4     5     6     7     8  
   ───── ───── ───── ───── ───── ───── ───── ─────
A|  ---   02B   ---   03B   ---   ---   ---   ---  |A
B|  ---   ---   ---   ---   03W   ---   ---   ---  |B
C|  ---   ---   ---   02B   ---   ---   ---   ---  |C
D|  04W   ---   ---   ---   ---   ---   ---   ---  |D
E|  ---   ---   ---   04B   ---   ---   ---   ---  |E
F|  ---   ---   ---   ---   ---   ---   ---   ---  |F
G|  ---   ---   ---   ---   ---   ---   ---   ---  |G
H|  ---   ---   ---   ---   03W   ---   ---   ---  |H
   ───── ───── ───── ───── ───── ───── ───── ─────
     1     2     3     4     5     6     7     8  

Elapsed time: 100
MOVE A4,SE,3
Moves: 16 | White pawns: 10 | Black pawns: 11
Board:
     1     2     3     4     5     6     7     8  
   ───── ───── ───── ───── ───── ───── ───── ─────
A|  ---   02B   ---   ---   ---   ---   ---   ---  |A
B|  ---   ---   ---   ---   03W   ---   ---   ---  |B
C|  ---   ---   ---   02B   ---   ---   ---   ---  |C
D|  04W   ---   ---   ---   ---   ---   03B   ---  |D
E|  ---   ---   ---   04B   ---   ---   ---   ---  |E
F|  ---   ---   ---   ---   ---   ---   ---   ---  |F
G|  ---   ---   ---   ---   ---   ---   ---   ---  |G
H|  ---   ---   ---   ---   03W   ---   ---   ---  |H
   ───── ───── ───── ───── ───── ───── ───── ─────
     1     2     3     4     5     6     7     8  

Elapsed time: 102
MOVE D1,NE,2
Moves: 17 | White pawns: 10 | Black pawns: 11
Board:
     1     2     3     4     5     6     7     8  
   ───── ───── ───── ───── ───── ───── ───── ─────
A|  ---   02B   ---   ---   ---   ---   ---   ---  |A
B|  ---   ---   02W   ---   03W   ---   ---   ---  |B
C|  ---   ---   ---   02B   ---   ---   ---   ---  |C
D|  02W   ---   ---   ---   ---   ---   03B   ---  |D
E|  ---   ---   ---   04B   ---   ---   ---   ---  |E
F|  ---   ---   ---   ---   ---   ---   ---   ---  |F
G|  ---   ---   ---   ---   ---   ---   ---   ---  |G
H|  ---   ---   ---   ---   03W   ---   ---   ---  |H
   ───── ───── ───── ───── ───── ───── ───── ─────
     1     2     3     4     5     6     7     8  

Elapsed time: 212
MOVE A2,S,2
Moves: 18 | White pawns: 10 | Black pawns: 11
Board:
     1     2     3     4     5     6     7     8  
   ───── ───── ───── ───── ───── ───── ───── ─────
A|  ---   ---   ---   ---   ---   ---   ---   ---  |A
B|  ---   ---   02W   ---   03W   ---   ---   ---  |B
C|  ---   02B   ---   02B   ---   ---   ---   ---  |C
D|  02W   ---   ---   ---   ---   ---   03B   ---  |D
E|  ---   ---   ---   04B   ---   ---   ---   ---  |E
F|  ---   ---   ---   ---   ---   ---   ---   ---  |F
G|  ---   ---   ---   ---   ---   ---   ---   ---  |G
H|  ---   ---   ---   ---   03W   ---   ---   ---  |H
   ───── ───── ───── ───── ───── ───── ───── ─────
     1     2     3     4     5     6     7     8  

Elapsed time: 101
MOVE D1,NE,2
Moves: 19 | White pawns: 10 | Black pawns: 11
Board:
     1     2     3     4     5     6     7     8  
   ───── ───── ───── ───── ───── ───── ───── ─────
A|  ---   ---   ---   ---   ---   ---   ---   ---  |A
B|  ---   ---   04W   ---   03W   ---   ---   ---  |B
C|  ---   02B   ---   02B   ---   ---   ---   ---  |C
D|  ---   ---   ---   ---   ---   ---   03B   ---  |D
E|  ---   ---   ---   04B   ---   ---   ---   ---  |E
F|  ---   ---   ---   ---   ---   ---   ---   ---  |F
G|  ---   ---   ---   ---   ---   ---   ---   ---  |G
H|  ---   ---   ---   ---   03W   ---   ---   ---  |H
   ───── ───── ───── ───── ───── ───── ───── ─────
     1     2     3     4     5     6     7     8  

Elapsed time: 102
MOVE C4,S,2
Moves: 20 | White pawns: 10 | Black pawns: 11
Board:
     1     2     3     4     5     6     7     8  
   ───── ───── ───── ───── ───── ───── ───── ─────
A|  ---   ---   ---   ---   ---   ---   ---   ---  |A
B|  ---   ---   04W   ---   03W   ---   ---   ---  |B
C|  ---   02B   ---   ---   ---   ---   ---   ---  |C
D|  ---   ---   ---   ---   ---   ---   03B   ---  |D
E|  ---   ---   ---   06B   ---   ---   ---   ---  |E
F|  ---   ---   ---   ---   ---   ---   ---   ---  |F
G|  ---   ---   ---   ---   ---   ---   ---   ---  |G
H|  ---   ---   ---   ---   03W   ---   ---   ---  |H
   ───── ───── ───── ───── ───── ───── ───── ─────
     1     2     3     4     5     6     7     8  

Elapsed time: 101
MOVE H5,NW,2
Moves: 21 | White pawns: 10 | Black pawns: 11
Board:
     1     2     3     4     5     6     7     8  
   ───── ───── ───── ───── ───── ───── ───── ─────
A|  ---   ---   ---   ---   ---   ---   ---   ---  |A
B|  ---   ---   04W   ---   03W   ---   ---   ---  |B
C|  ---   02B   ---   ---   ---   ---   ---   ---  |C
D|  ---   ---   ---   ---   ---   ---   03B   ---  |D
E|  ---   ---   ---   06B   ---   ---   ---   ---  |E
F|  ---   ---   02W   ---   ---   ---   ---   ---  |F
G|  ---   ---   ---   ---   ---   ---   ---   ---  |G
H|  ---   ---   ---   ---   01W   ---   ---   ---  |H
   ───── ───── ───── ───── ───── ───── ───── ─────
     1     2     3     4     5     6     7     8  

Elapsed time: 101
MOVE C2,SE,2
Moves: 22 | White pawns: 10 | Black pawns: 11
Board:
     1     2     3     4     5     6     7     8  
   ───── ───── ───── ───── ───── ───── ───── ─────
A|  ---   ---   ---   ---   ---   ---   ---   ---  |A
B|  ---   ---   04W   ---   03W   ---   ---   ---  |B
C|  ---   ---   ---   ---   ---   ---   ---   ---  |C
D|  ---   ---   ---   ---   ---   ---   03B   ---  |D
E|  ---   ---   ---   08B   ---   ---   ---   ---  |E
F|  ---   ---   02W   ---   ---   ---   ---   ---  |F
G|  ---   ---   ---   ---   ---   ---   ---   ---  |G
H|  ---   ---   ---   ---   01W   ---   ---   ---  |H
   ───── ───── ───── ───── ───── ───── ───── ─────
     1     2     3     4     5     6     7     8  

Elapsed time: 101
MOVE F3,NW,2
Moves: 23 | White pawns: 10 | Black pawns: 11
Board:
     1     2     3     4     5     6     7     8  
   ───── ───── ───── ───── ───── ───── ───── ─────
A|  ---   ---   ---   ---   ---   ---   ---   ---  |A
B|  ---   ---   04W   ---   03W   ---   ---   ---  |B
C|  ---   ---   ---   ---   ---   ---   ---   ---  |C
D|  02W   ---   ---   ---   ---   ---   03B   ---  |D
E|  ---   ---   ---   08B   ---   ---   ---   ---  |E
F|  ---   ---   ---   ---   ---   ---   ---   ---  |F
G|  ---   ---   ---   ---   ---   ---   ---   ---  |G
H|  ---   ---   ---   ---   01W   ---   ---   ---  |H
   ───── ───── ───── ───── ───── ───── ───── ─────
     1     2     3     4     5     6     7     8  

Elapsed time: 102
MOVE D7,SW,1
Moves: 24 | White pawns: 10 | Black pawns: 11
Board:
     1     2     3     4     5     6     7     8  
   ───── ───── ───── ───── ───── ───── ───── ─────
A|  ---   ---   ---   ---   ---   ---   ---   ---  |A
B|  ---   ---   04W   ---   03W   ---   ---   ---  |B
C|  ---   ---   ---   ---   ---   ---   ---   ---  |C
D|  02W   ---   ---   ---   ---   ---   02B   ---  |D
E|  ---   ---   ---   08B   ---   01B   ---   ---  |E
F|  ---   ---   ---   ---   ---   ---   ---   ---  |F
G|  ---   ---   ---   ---   ---   ---   ---   ---  |G
H|  ---   ---   ---   ---   01W   ---   ---   ---  |H
   ───── ───── ───── ───── ───── ───── ───── ─────
     1     2     3     4     5     6     7     8  

Elapsed time: 101
MOVE B5,SE,2
Moves: 25 | White pawns: 10 | Black pawns: 9
Board:
     1     2     3     4     5     6     7     8  
   ───── ───── ───── ───── ───── ───── ───── ─────
A|  ---   ---   ---   ---   ---   ---   ---   ---  |A
B|  ---   ---   04W   ---   01W   ---   ---   ---  |B
C|  ---   ---   ---   ---   ---   ---   ---   ---  |C
D|  02W   ---   ---   ---   ---   ---   02W   ---  |D
E|  ---   ---   ---   08B   ---   01B   ---   ---  |E
F|  ---   ---   ---   ---   ---   ---   ---   ---  |F
G|  ---   ---   ---   ---   ---   ---   ---   ---  |G
H|  ---   ---   ---   ---   01W   ---   ---   ---  |H
   ───── ───── ───── ───── ───── ───── ───── ─────
     1     2     3     4     5     6     7     8  

Elapsed time: 102
MOVE E4,SW,1
Moves: 26 | White pawns: 10 | Black pawns: 9
Board:
     1     2     3     4     5     6     7     8  
   ───── ───── ───── ───── ───── ───── ───── ─────
A|  ---   ---   ---   ---   ---   ---   ---   ---  |A
B|  ---   ---   04W   ---   01W   ---   ---   ---  |B
C|  ---   ---   ---   ---   ---   ---   ---   ---  |C
D|  02W   ---   ---   ---   ---   ---   02W   ---  |D
E|  ---   ---   ---   07B   ---   01B   ---   ---  |E
F|  ---   ---   01B   ---   ---   ---   ---   ---  |F
G|  ---   ---   ---   ---   ---   ---   ---   ---  |G
H|  ---   ---   ---   ---   01W   ---   ---   ---  |H
   ───── ───── ───── ───── ───── ───── ───── ─────
     1     2     3     4     5     6     7     8  

Elapsed time: 101
MOVE B3,NW,1
Moves: 27 | White pawns: 10 | Black pawns: 9
Board:
     1     2     3     4     5     6     7     8  
   ───── ───── ───── ───── ───── ───── ───── ─────
A|  ---   01W   ---   ---   ---   ---   ---   ---  |A
B|  ---   ---   03W   ---   01W   ---   ---   ---  |B
C|  ---   ---   ---   ---   ---   ---   ---   ---  |C
D|  02W   ---   ---   ---   ---   ---   02W   ---  |D
E|  ---   ---   ---   07B   ---   01B   ---   ---  |E
F|  ---   ---   01B   ---   ---   ---   ---   ---  |F
G|  ---   ---   ---   ---   ---   ---   ---   ---  |G
H|  ---   ---   ---   ---   01W   ---   ---   ---  |H
   ───── ───── ───── ───── ───── ───── ───── ─────
     1     2     3     4     5     6     7     8  

Elapsed time: 101
MOVE E4,SW,1
Moves: 28 | White pawns: 10 | Black pawns: 9
Board:
     1     2     3     4     5     6     7     8  
   ───── ───── ───── ───── ───── ───── ───── ─────
A|  ---   01W   ---   ---   ---   ---   ---   ---  |A
B|  ---   ---   03W   ---   01W   ---   ---   ---  |B
C|  ---   ---   ---   ---   ---   ---   ---   ---  |C
D|  02W   ---   ---   ---   ---   ---   02W   ---  |D
E|  ---   ---   ---   06B   ---   01B   ---   ---  |E
F|  ---   ---   02B   ---   ---   ---   ---   ---  |F
G|  ---   ---   ---   ---   ---   ---   ---   ---  |G
H|  ---   ---   ---   ---   01W   ---   ---   ---  |H
   ───── ───── ───── ───── ───── ───── ───── ─────
     1     2     3     4     5     6     7     8  

Elapsed time: 101
MOVE D1,SE,2
Moves: 29 | White pawns: 10 | Black pawns: 7
Board:
     1     2     3     4     5     6     7     8  
   ───── ───── ───── ───── ───── ───── ───── ─────
A|  ---   01W   ---   ---   ---   ---   ---   ---  |A
B|  ---   ---   03W   ---   01W   ---   ---   ---  |B
C|  ---   ---   ---   ---   ---   ---   ---   ---  |C
D|  ---   ---   ---   ---   ---   ---   02W   ---  |D
E|  ---   ---   ---   06B   ---   01B   ---   ---  |E
F|  ---   ---   02W   ---   ---   ---   ---   ---  |F
G|  ---   ---   ---   ---   ---   ---   ---   ---  |G
H|  ---   ---   ---   ---   01W   ---   ---   ---  |H
   ───── ───── ───── ───── ───── ───── ───── ─────
     1     2     3     4     5     6     7     8  

Elapsed time: 101
MOVE E4,SW,2
Moves: 30 | White pawns: 10 | Black pawns: 7
Board:
     1     2     3     4     5     6     7     8  
   ───── ───── ───── ───── ───── ───── ───── ─────
A|  ---   01W   ---   ---   ---   ---   ---   ---  |A
B|  ---   ---   03W   ---   01W   ---   ---   ---  |B
C|  ---   ---   ---   ---   ---   ---   ---   ---  |C
D|  ---   ---   ---   ---   ---   ---   02W   ---  |D
E|  ---   ---   ---   04B   ---   01B   ---   ---  |E
F|  ---   ---   02W   ---   ---   ---   ---   ---  |F
G|  ---   02B   ---   ---   ---   ---   ---   ---  |G
H|  ---   ---   ---   ---   01W   ---   ---   ---  |H
   ───── ───── ───── ───── ───── ───── ───── ─────
     1     2     3     4     5     6     7     8  

Elapsed time: 101
MOVE B5,NE,1
Moves: 31 | White pawns: 10 | Black pawns: 7
Board:
     1     2     3     4     5     6     7     8  
   ───── ───── ───── ───── ───── ───── ───── ─────
A|  ---   01W   ---   ---   ---   01W   ---   ---  |A
B|  ---   ---   03W   ---   ---   ---   ---   ---  |B
C|  ---   ---   ---   ---   ---   ---   ---   ---  |C
D|  ---   ---   ---   ---   ---   ---   02W   ---  |D
E|  ---   ---   ---   04B   ---   01B   ---   ---  |E
F|  ---   ---   02W   ---   ---   ---   ---   ---  |F
G|  ---   02B   ---   ---   ---   ---   ---   ---  |G
H|  ---   ---   ---   ---   01W   ---   ---   ---  |H
   ───── ───── ───── ───── ───── ───── ───── ─────
     1     2     3     4     5     6     7     8  

Elapsed time: 101
MOVE E4,SE,1
Moves: 32 | White pawns: 10 | Black pawns: 7
Board:
     1     2     3     4     5     6     7     8  
   ───── ───── ───── ───── ───── ───── ───── ─────
A|  ---   01W   ---   ---   ---   01W   ---   ---  |A
B|  ---   ---   03W   ---   ---   ---   ---   ---  |B
C|  ---   ---   ---   ---   ---   ---   ---   ---  |C
D|  ---   ---   ---   ---   ---   ---   02W   ---  |D
E|  ---   ---   ---   03B   ---   01B   ---   ---  |E
F|  ---   ---   02W   ---   01B   ---   ---   ---  |F
G|  ---   02B   ---   ---   ---   ---   ---   ---  |G
H|  ---   ---   ---   ---   01W   ---   ---   ---  |H
   ───── ───── ───── ───── ───── ───── ───── ─────
     1     2     3     4     5     6     7     8  

Elapsed time: 102
MOVE A2,NW,1
Moves: 33 | White pawns: 9 | Black pawns: 7
Board:
     1     2     3     4     5     6     7     8  
   ───── ───── ───── ───── ───── ───── ───── ─────
A|  ---   ---   ---   ---   ---   01W   ---   ---  |A
B|  ---   ---   03W   ---   ---   ---   ---   ---  |B
C|  ---   ---   ---   ---   ---   ---   ---   ---  |C
D|  ---   ---   ---   ---   ---   ---   02W   ---  |D
E|  ---   ---   ---   03B   ---   01B   ---   ---  |E
F|  ---   ---   02W   ---   01B   ---   ---   ---  |F
G|  ---   02B   ---   ---   ---   ---   ---   ---  |G
H|  ---   ---   ---   ---   01W   ---   ---   ---  |H
   ───── ───── ───── ───── ───── ───── ───── ─────
     1     2     3     4     5     6     7     8  

Elapsed time: 101
MOVE E4,SE,1
Moves: 34 | White pawns: 9 | Black pawns: 7
Board:
     1     2     3     4     5     6     7     8  
   ───── ───── ───── ───── ───── ───── ───── ─────
A|  ---   ---   ---   ---   ---   01W   ---   ---  |A
B|  ---   ---   03W   ---   ---   ---   ---   ---  |B
C|  ---   ---   ---   ---   ---   ---   ---   ---  |C
D|  ---   ---   ---   ---   ---   ---   02W   ---  |D
E|  ---   ---   ---   02B   ---   01B   ---   ---  |E
F|  ---   ---   02W   ---   02B   ---   ---   ---  |F
G|  ---   02B   ---   ---   ---   ---   ---   ---  |G
H|  ---   ---   ---   ---   01W   ---   ---   ---  |H
   ───── ───── ───── ───── ───── ───── ───── ─────
     1     2     3     4     5     6     7     8  

Elapsed time: 126
MOVE D7,SW,2
Moves: 35 | White pawns: 9 | Black pawns: 5
Board:
     1     2     3     4     5     6     7     8  
   ───── ───── ───── ───── ───── ───── ───── ─────
A|  ---   ---   ---   ---   ---   01W   ---   ---  |A
B|  ---   ---   03W   ---   ---   ---   ---   ---  |B
C|  ---   ---   ---   ---   ---   ---   ---   ---  |C
D|  ---   ---   ---   ---   ---   ---   ---   ---  |D
E|  ---   ---   ---   02B   ---   01B   ---   ---  |E
F|  ---   ---   02W   ---   02W   ---   ---   ---  |F
G|  ---   02B   ---   ---   ---   ---   ---   ---  |G
H|  ---   ---   ---   ---   01W   ---   ---   ---  |H
   ───── ───── ───── ───── ───── ───── ───── ─────
     1     2     3     4     5     6     7     8  

Elapsed time: 101
MOVE E4,S,2
Moves: 36 | White pawns: 9 | Black pawns: 5
Board:
     1     2     3     4     5     6     7     8  
   ───── ───── ───── ───── ───── ───── ───── ─────
A|  ---   ---   ---   ---   ---   01W   ---   ---  |A
B|  ---   ---   03W   ---   ---   ---   ---   ---  |B
C|  ---   ---   ---   ---   ---   ---   ---   ---  |C
D|  ---   ---   ---   ---   ---   ---   ---   ---  |D
E|  ---   ---   ---   ---   ---   01B   ---   ---  |E
F|  ---   ---   02W   ---   02W   ---   ---   ---  |F
G|  ---   02B   ---   02B   ---   ---   ---   ---  |G
H|  ---   ---   ---   ---   01W   ---   ---   ---  |H
   ───── ───── ───── ───── ───── ───── ───── ─────
     1     2     3     4     5     6     7     8  

Elapsed time: 101
MOVE F3,NW,2
Moves: 37 | White pawns: 9 | Black pawns: 5
Board:
     1     2     3     4     5     6     7     8  
   ───── ───── ───── ───── ───── ───── ───── ─────
A|  ---   ---   ---   ---   ---   01W   ---   ---  |A
B|  ---   ---   03W   ---   ---   ---   ---   ---  |B
C|  ---   ---   ---   ---   ---   ---   ---   ---  |C
D|  02W   ---   ---   ---   ---   ---   ---   ---  |D
E|  ---   ---   ---   ---   ---   01B   ---   ---  |E
F|  ---   ---   ---   ---   02W   ---   ---   ---  |F
G|  ---   02B   ---   02B   ---   ---   ---   ---  |G
H|  ---   ---   ---   ---   01W   ---   ---   ---  |H
   ───── ───── ───── ───── ───── ───── ───── ─────
     1     2     3     4     5     6     7     8  

Elapsed time: 101
MOVE E6,SE,1
Moves: 38 | White pawns: 9 | Black pawns: 5
Board:
     1     2     3     4     5     6     7     8  
   ───── ───── ───── ───── ───── ───── ───── ─────
A|  ---   ---   ---   ---   ---   01W   ---   ---  |A
B|  ---   ---   03W   ---   ---   ---   ---   ---  |B
C|  ---   ---   ---   ---   ---   ---   ---   ---  |C
D|  02W   ---   ---   ---   ---   ---   ---   ---  |D
E|  ---   ---   ---   ---   ---   ---   ---   ---  |E
F|  ---   ---   ---   ---   02W   ---   01B   ---  |F
G|  ---   02B   ---   02B   ---   ---   ---   ---  |G
H|  ---   ---   ---   ---   01W   ---   ---   ---  |H
   ───── ───── ───── ───── ───── ───── ───── ─────
     1     2     3     4     5     6     7     8  

Elapsed time: 201
MOVE F5,NW,2
Moves: 39 | White pawns: 9 | Black pawns: 5
Board:
     1     2     3     4     5     6     7     8  
   ───── ───── ───── ───── ───── ───── ───── ─────
A|  ---   ---   ---   ---   ---   01W   ---   ---  |A
B|  ---   ---   03W   ---   ---   ---   ---   ---  |B
C|  ---   ---   ---   ---   ---   ---   ---   ---  |C
D|  02W   ---   02W   ---   ---   ---   ---   ---  |D
E|  ---   ---   ---   ---   ---   ---   ---   ---  |E
F|  ---   ---   ---   ---   ---   ---   01B   ---  |F
G|  ---   02B   ---   02B   ---   ---   ---   ---  |G
H|  ---   ---   ---   ---   01W   ---   ---   ---  |H
   ───── ───── ───── ───── ───── ───── ───── ─────
     1     2     3     4     5     6     7     8  

Elapsed time: 102
MOVE F7,SW,1
Moves: 40 | White pawns: 9 | Black pawns: 5
Board:
     1     2     3     4     5     6     7     8  
   ───── ───── ───── ───── ───── ───── ───── ─────
A|  ---   ---   ---   ---   ---   01W   ---   ---  |A
B|  ---   ---   03W   ---   ---   ---   ---   ---  |B
C|  ---   ---   ---   ---   ---   ---   ---   ---  |C
D|  02W   ---   02W   ---   ---   ---   ---   ---  |D
E|  ---   ---   ---   ---   ---   ---   ---   ---  |E
F|  ---   ---   ---   ---   ---   ---   ---   ---  |F
G|  ---   02B   ---   02B   ---   01B   ---   ---  |G
H|  ---   ---   ---   ---   01W   ---   ---   ---  |H
   ───── ───── ───── ───── ───── ───── ───── ─────
     1     2     3     4     5     6     7     8  

Elapsed time: 100
MOVE A6,NW,1
Moves: 41 | White pawns: 8 | Black pawns: 5
Board:
     1     2     3     4     5     6     7     8  
   ───── ───── ───── ───── ───── ───── ───── ─────
A|  ---   ---   ---   ---   ---   ---   ---   ---  |A
B|  ---   ---   03W   ---   ---   ---   ---   ---  |B
C|  ---   ---   ---   ---   ---   ---   ---   ---  |C
D|  02W   ---   02W   ---   ---   ---   ---   ---  |D
E|  ---   ---   ---   ---   ---   ---   ---   ---  |E
F|  ---   ---   ---   ---   ---   ---   ---   ---  |F
G|  ---   02B   ---   02B   ---   01B   ---   ---  |G
H|  ---   ---   ---   ---   01W   ---   ---   ---  |H
   ───── ───── ───── ───── ───── ───── ───── ─────
     1     2     3     4     5     6     7     8  

Elapsed time: 201
MOVE G2,SW,1
Moves: 42 | White pawns: 8 | Black pawns: 5
Board:
     1     2     3     4     5     6     7     8  
   ───── ───── ───── ───── ───── ───── ───── ─────
A|  ---   ---   ---   ---   ---   ---   ---   ---  |A
B|  ---   ---   03W   ---   ---   ---   ---   ---  |B
C|  ---   ---   ---   ---   ---   ---   ---   ---  |C
D|  02W   ---   02W   ---   ---   ---   ---   ---  |D
E|  ---   ---   ---   ---   ---   ---   ---   ---  |E
F|  ---   ---   ---   ---   ---   ---   ---   ---  |F
G|  ---   01B   ---   02B   ---   01B   ---   ---  |G
H|  01B   ---   ---   ---   01W   ---   ---   ---  |H
   ───── ───── ───── ───── ───── ───── ───── ─────
     1     2     3     4     5     6     7     8  

Elapsed time: 104
MOVE B3,NW,1
Moves: 43 | White pawns: 8 | Black pawns: 5
Board:
     1     2     3     4     5     6     7     8  
   ───── ───── ───── ───── ───── ───── ───── ─────
A|  ---   01W   ---   ---   ---   ---   ---   ---  |A
B|  ---   ---   02W   ---   ---   ---   ---   ---  |B
C|  ---   ---   ---   ---   ---   ---   ---   ---  |C
D|  02W   ---   02W   ---   ---   ---   ---   ---  |D
E|  ---   ---   ---   ---   ---   ---   ---   ---  |E
F|  ---   ---   ---   ---   ---   ---   ---   ---  |F
G|  ---   01B   ---   02B   ---   01B   ---   ---  |G
H|  01B   ---   ---   ---   01W   ---   ---   ---  |H
   ───── ───── ───── ───── ───── ───── ───── ─────
     1     2     3     4     5     6     7     8  

Elapsed time: 102
MOVE G2,SW,1
Moves: 44 | White pawns: 8 | Black pawns: 5
Board:
     1     2     3     4     5     6     7     8  
   ───── ───── ───── ───── ───── ───── ───── ─────
A|  ---   01W   ---   ---   ---   ---   ---   ---  |A
B|  ---   ---   02W   ---   ---   ---   ---   ---  |B
C|  ---   ---   ---   ---   ---   ---   ---   ---  |C
D|  02W   ---   02W   ---   ---   ---   ---   ---  |D
E|  ---   ---   ---   ---   ---   ---   ---   ---  |E
F|  ---   ---   ---   ---   ---   ---   ---   ---  |F
G|  ---   ---   ---   02B   ---   01B   ---   ---  |G
H|  02B   ---   ---   ---   01W   ---   ---   ---  |H
   ───── ───── ───── ───── ───── ───── ───── ─────
     1     2     3     4     5     6     7     8  

Elapsed time: 101
MOVE H5,NE,1
Moves: 45 | White pawns: 8 | Black pawns: 4
Board:
     1     2     3     4     5     6     7     8  
   ───── ───── ───── ───── ───── ───── ───── ─────
A|  ---   01W   ---   ---   ---   ---   ---   ---  |A
B|  ---   ---   02W   ---   ---   ---   ---   ---  |B
C|  ---   ---   ---   ---   ---   ---   ---   ---  |C
D|  02W   ---   02W   ---   ---   ---   ---   ---  |D
E|  ---   ---   ---   ---   ---   ---   ---   ---  |E
F|  ---   ---   ---   ---   ---   ---   ---   ---  |F
G|  ---   ---   ---   02B   ---   01W   ---   ---  |G
H|  02B   ---   ---   ---   ---   ---   ---   ---  |H
   ───── ───── ───── ───── ───── ───── ───── ─────
     1     2     3     4     5     6     7     8  

Elapsed time: 103
MOVE G4,E,2
Moves: 46 | White pawns: 7 | Black pawns: 4
Board:
     1     2     3     4     5     6     7     8  
   ───── ───── ───── ───── ───── ───── ───── ─────
A|  ---   01W   ---   ---   ---   ---   ---   ---  |A
B|  ---   ---   02W   ---   ---   ---   ---   ---  |B
C|  ---   ---   ---   ---   ---   ---   ---   ---  |C
D|  02W   ---   02W   ---   ---   ---   ---   ---  |D
E|  ---   ---   ---   ---   ---   ---   ---   ---  |E
F|  ---   ---   ---   ---   ---   ---   ---   ---  |F
G|  ---   ---   ---   ---   ---   02B   ---   ---  |G
H|  02B   ---   ---   ---   ---   ---   ---   ---  |H
   ───── ───── ───── ───── ───── ───── ───── ─────
     1     2     3     4     5     6     7     8  

Elapsed time: 104
MOVE D3,NW,1
Moves: 47 | White pawns: 7 | Black pawns: 4
Board:
     1     2     3     4     5     6     7     8  
   ───── ───── ───── ───── ───── ───── ───── ─────
A|  ---   01W   ---   ---   ---   ---   ---   ---  |A
B|  ---   ---   02W   ---   ---   ---   ---   ---  |B
C|  ---   01W   ---   ---   ---   ---   ---   ---  |C
D|  02W   ---   01W   ---   ---   ---   ---   ---  |D
E|  ---   ---   ---   ---   ---   ---   ---   ---  |E
F|  ---   ---   ---   ---   ---   ---   ---   ---  |F
G|  ---   ---   ---   ---   ---   02B   ---   ---  |G
H|  02B   ---   ---   ---   ---   ---   ---   ---  |H
   ───── ───── ───── ───── ───── ───── ───── ─────
     1     2     3     4     5     6     7     8  

Elapsed time: 103
MOVE G6,SW,1
Moves: 48 | White pawns: 7 | Black pawns: 4
Board:
     1     2     3     4     5     6     7     8  
   ───── ───── ───── ───── ───── ───── ───── ─────
A|  ---   01W   ---   ---   ---   ---   ---   ---  |A
B|  ---   ---   02W   ---   ---   ---   ---   ---  |B
C|  ---   01W   ---   ---   ---   ---   ---   ---  |C
D|  02W   ---   01W   ---   ---   ---   ---   ---  |D
E|  ---   ---   ---   ---   ---   ---   ---   ---  |E
F|  ---   ---   ---   ---   ---   ---   ---   ---  |F
G|  ---   ---   ---   ---   ---   01B   ---   ---  |G
H|  02B   ---   ---   ---   01B   ---   ---   ---  |H
   ───── ───── ───── ───── ───── ───── ───── ─────
     1     2     3     4     5     6     7     8  

Elapsed time: 102
MOVE D1,NE,1
Moves: 49 | White pawns: 7 | Black pawns: 4
Board:
     1     2     3     4     5     6     7     8  
   ───── ───── ───── ───── ───── ───── ───── ─────
A|  ---   01W   ---   ---   ---   ---   ---   ---  |A
B|  ---   ---   02W   ---   ---   ---   ---   ---  |B
C|  ---   02W   ---   ---   ---   ---   ---   ---  |C
D|  01W   ---   01W   ---   ---   ---   ---   ---  |D
E|  ---   ---   ---   ---   ---   ---   ---   ---  |E
F|  ---   ---   ---   ---   ---   ---   ---   ---  |F
G|  ---   ---   ---   ---   ---   01B   ---   ---  |G
H|  02B   ---   ---   ---   01B   ---   ---   ---  |H
   ───── ───── ───── ───── ───── ───── ───── ─────
     1     2     3     4     5     6     7     8  

Elapsed time: 101
MOVE G6,SW,1
Moves: 50 | White pawns: 7 | Black pawns: 4
Board:
     1     2     3     4     5     6     7     8  
   ───── ───── ───── ───── ───── ───── ───── ─────
A|  ---   01W   ---   ---   ---   ---   ---   ---  |A
B|  ---   ---   02W   ---   ---   ---   ---   ---  |B
C|  ---   02W   ---   ---   ---   ---   ---   ---  |C
D|  01W   ---   01W   ---   ---   ---   ---   ---  |D
E|  ---   ---   ---   ---   ---   ---   ---   ---  |E
F|  ---   ---   ---   ---   ---   ---   ---   ---  |F
G|  ---   ---   ---   ---   ---   ---   ---   ---  |G
H|  02B   ---   ---   ---   02B   ---   ---   ---  |H
   ───── ───── ───── ───── ───── ───── ───── ─────
     1     2     3     4     5     6     7     8  

Elapsed time: 101
MOVE B3,NE,1
Moves: 51 | White pawns: 7 | Black pawns: 4
Board:
     1     2     3     4     5     6     7     8  
   ───── ───── ───── ───── ───── ───── ───── ─────
A|  ---   01W   ---   01W   ---   ---   ---   ---  |A
B|  ---   ---   01W   ---   ---   ---   ---   ---  |B
C|  ---   02W   ---   ---   ---   ---   ---   ---  |C
D|  01W   ---   01W   ---   ---   ---   ---   ---  |D
E|  ---   ---   ---   ---   ---   ---   ---   ---  |E
F|  ---   ---   ---   ---   ---   ---   ---   ---  |F
G|  ---   ---   ---   ---   ---   ---   ---   ---  |G
H|  02B   ---   ---   ---   02B   ---   ---   ---  |H
   ───── ───── ───── ───── ───── ───── ───── ─────
     1     2     3     4     5     6     7     8  

Elapsed time: 101
MOVE H1,SE,1
Moves: 52 | White pawns: 7 | Black pawns: 3
Board:
     1     2     3     4     5     6     7     8  
   ───── ───── ───── ───── ───── ───── ───── ─────
A|  ---   01W   ---   01W   ---   ---   ---   ---  |A
B|  ---   ---   01W   ---   ---   ---   ---   ---  |B
C|  ---   02W   ---   ---   ---   ---   ---   ---  |C
D|  01W   ---   01W   ---   ---   ---   ---   ---  |D
E|  ---   ---   ---   ---   ---   ---   ---   ---  |E
F|  ---   ---   ---   ---   ---   ---   ---   ---  |F
G|  ---   ---   ---   ---   ---   ---   ---   ---  |G
H|  01B   ---   ---   ---   02B   ---   ---   ---  |H
   ───── ───── ───── ───── ───── ───── ───── ─────
     1     2     3     4     5     6     7     8  

Elapsed time: 101
MOVE A2,NW,1
Moves: 53 | White pawns: 6 | Black pawns: 3
Board:
     1     2     3     4     5     6     7     8  
   ───── ───── ───── ───── ───── ───── ───── ─────
A|  ---   ---   ---   01W   ---   ---   ---   ---  |A
B|  ---   ---   01W   ---   ---   ---   ---   ---  |B
C|  ---   02W   ---   ---   ---   ---   ---   ---  |C
D|  01W   ---   01W   ---   ---   ---   ---   ---  |D
E|  ---   ---   ---   ---   ---   ---   ---   ---  |E
F|  ---   ---   ---   ---   ---   ---   ---   ---  |F
G|  ---   ---   ---   ---   ---   ---   ---   ---  |G
H|  01B   ---   ---   ---   02B   ---   ---   ---  |H
   ───── ───── ───── ───── ───── ───── ───── ─────
     1     2     3     4     5     6     7     8  

Elapsed time: 101
MOVE H1,SE,1
Moves: 54 | White pawns: 6 | Black pawns: 2
Board:
     1     2     3     4     5     6     7     8  
   ───── ───── ───── ───── ───── ───── ───── ─────
A|  ---   ---   ---   01W   ---   ---   ---   ---  |A
B|  ---   ---   01W   ---   ---   ---   ---   ---  |B
C|  ---   02W   ---   ---   ---   ---   ---   ---  |C
D|  01W   ---   01W   ---   ---   ---   ---   ---  |D
E|  ---   ---   ---   ---   ---   ---   ---   ---  |E
F|  ---   ---   ---   ---   ---   ---   ---   ---  |F
G|  ---   ---   ---   ---   ---   ---   ---   ---  |G
H|  ---   ---   ---   ---   02B   ---   ---   ---  |H
   ───── ───── ───── ───── ───── ───── ───── ─────
     1     2     3     4     5     6     7     8  

Elapsed time: 101
MOVE A4,NW,1
Moves: 55 | White pawns: 5 | Black pawns: 2
Board:
     1     2     3     4     5     6     7     8  
   ───── ───── ───── ───── ───── ───── ───── ─────
A|  ---   ---   ---   ---   ---   ---   ---   ---  |A
B|  ---   ---   01W   ---   ---   ---   ---   ---  |B
C|  ---   02W   ---   ---   ---   ---   ---   ---  |C
D|  01W   ---   01W   ---   ---   ---   ---   ---  |D
E|  ---   ---   ---   ---   ---   ---   ---   ---  |E
F|  ---   ---   ---   ---   ---   ---   ---   ---  |F
G|  ---   ---   ---   ---   ---   ---   ---   ---  |G
H|  ---   ---   ---   ---   02B   ---   ---   ---  |H
   ───── ───── ───── ───── ───── ───── ───── ─────
     1     2     3     4     5     6     7     8  

Elapsed time: 101
MOVE H5,SE,1
Moves: 56 | White pawns: 5 | Black pawns: 1
Board:
     1     2     3     4     5     6     7     8  
   ───── ───── ───── ───── ───── ───── ───── ─────
A|  ---   ---   ---   ---   ---   ---   ---   ---  |A
B|  ---   ---   01W   ---   ---   ---   ---   ---  |B
C|  ---   02W   ---   ---   ---   ---   ---   ---  |C
D|  01W   ---   01W   ---   ---   ---   ---   ---  |D
E|  ---   ---   ---   ---   ---   ---   ---   ---  |E
F|  ---   ---   ---   ---   ---   ---   ---   ---  |F
G|  ---   ---   ---   ---   ---   ---   ---   ---  |G
H|  ---   ---   ---   ---   01B   ---   ---   ---  |H
   ───── ───── ───── ───── ───── ───── ───── ─────
     1     2     3     4     5     6     7     8  

Elapsed time: 101
MOVE B3,NW,1
Moves: 57 | White pawns: 5 | Black pawns: 1
Board:
     1     2     3     4     5     6     7     8  
   ───── ───── ───── ───── ───── ───── ───── ─────
A|  ---   01W   ---   ---   ---   ---   ---   ---  |A
B|  ---   ---   ---   ---   ---   ---   ---   ---  |B
C|  ---   02W   ---   ---   ---   ---   ---   ---  |C
D|  01W   ---   01W   ---   ---   ---   ---   ---  |D
E|  ---   ---   ---   ---   ---   ---   ---   ---  |E
F|  ---   ---   ---   ---   ---   ---   ---   ---  |F
G|  ---   ---   ---   ---   ---   ---   ---   ---  |G
H|  ---   ---   ---   ---   01B   ---   ---   ---  |H
   ───── ───── ───── ───── ───── ───── ───── ─────
     1     2     3     4     5     6     7     8  

Elapsed time: 101
MOVE H5,SW,1
Moves: 58 | White pawns: 5 | Black pawns: 0
Black loses - White wins

MATCH ENDED in 58 total moves

Final Board:
     1     2     3     4     5     6     7     8  
   ───── ───── ───── ───── ───── ───── ───── ─────
A|  ---   01W   ---   ---   ---   ---   ---   ---  |A
B|  ---   ---   ---   ---   ---   ---   ---   ---  |B
C|  ---   02W   ---   ---   ---   ---   ---   ---  |C
D|  01W   ---   01W   ---   ---   ---   ---   ---  |D
E|  ---   ---   ---   ---   ---   ---   ---   ---  |E
F|  ---   ---   ---   ---   ---   ---   ---   ---  |F
G|  ---   ---   ---   ---   ---   ---   ---   ---  |G
H|  ---   ---   ---   ---   ---   ---   ---   ---  |H
   ───── ───── ───── ───── ───── ───── ───── ─────
     1     2     3     4     5     6     7     8  
